14:37:57 INFO  : Registering command handlers for SDK TCF services
14:37:58 INFO  : Launching XSCT server: xsct.bat -interactive C:\xup\adv_embedded\hw2\hw2.sdk\temp_xsdb_launch_script.tcl
14:38:00 INFO  : XSCT server has started successfully.
14:38:00 INFO  : Successfully done setting XSCT server connection channel  
14:38:00 INFO  : Successfully done setting SDK workspace  
14:38:00 INFO  : Processing command line option -hwspec C:/xup/adv_embedded/hw2/hw2.sdk/system_wrapper.hdf.
20:32:26 INFO  : Launching XSCT server: xsct.bat -interactive C:\xup\adv_embedded\hw2\hw2.sdk\temp_xsdb_launch_script.tcl
20:32:31 INFO  : XSCT server has started successfully.
20:32:31 INFO  : Successfully done setting XSCT server connection channel  
20:32:37 INFO  : Successfully done setting SDK workspace  
20:32:50 INFO  : Registering command handlers for SDK TCF services
20:32:50 INFO  : Processing command line option -hwspec C:/xup/adv_embedded/hw2/hw2.sdk/system_wrapper.hdf.
20:32:51 INFO  : Checking for hwspec changes in the project system_wrapper_hw_platform_0.
13:41:10 INFO  : Registering command handlers for SDK TCF services
13:41:11 INFO  : Launching XSCT server: xsct.bat -interactive C:\xup\adv_embedded\hw2\hw2.sdk\temp_xsdb_launch_script.tcl
13:41:15 INFO  : XSCT server has started successfully.
13:41:15 INFO  : Successfully done setting XSCT server connection channel  
13:41:21 INFO  : Successfully done setting SDK workspace  
13:41:21 INFO  : Processing command line option -hwspec C:/xup/adv_embedded/hw2/hw2.sdk/system_wrapper.hdf.
11:25:20 INFO  : Registering command handlers for SDK TCF services
11:25:21 INFO  : Launching XSCT server: xsct.bat -interactive C:\xup\adv_embedded\hw2\hw2.sdk\temp_xsdb_launch_script.tcl
11:25:27 INFO  : XSCT server has started successfully.
11:25:27 INFO  : Successfully done setting XSCT server connection channel  
11:25:33 INFO  : Successfully done setting SDK workspace  
11:25:33 INFO  : Processing command line option -hwspec C:/xup/adv_embedded/hw2/hw2.sdk/system_wrapper.hdf.
20:32:00 INFO  : Connected to target on host '127.0.0.1' and port '3121'.
20:33:12 INFO  : Inferring section assignments and sizes from elf file: C:\xup\adv_embedded\hw2\hw2.sdk\hw2\Debug\hw2.elf
